mode: set
project/features/posting/services/service.go:22.57,27.2 1 1
project/features/posting/services/service.go:30.93,32.17 2 1
project/features/posting/services/service.go:44.2,46.16 3 1
project/features/posting/services/service.go:57.2,57.17 1 0
project/features/posting/services/service.go:32.17,34.3 1 0
project/features/posting/services/service.go:46.16,49.49 2 0
project/features/posting/services/service.go:54.3,54.41 1 0
project/features/posting/services/service.go:49.49,51.4 1 0
project/features/posting/services/service.go:51.9,53.4 1 0
project/features/posting/services/service.go:59.60,61.16 2 1
project/features/posting/services/service.go:71.2,71.17 1 0
project/features/posting/services/service.go:61.16,63.49 2 0
project/features/posting/services/service.go:68.3,68.30 1 0
project/features/posting/services/service.go:63.49,65.4 1 0
project/features/posting/services/service.go:65.9,67.4 1 0
project/features/posting/services/service.go:74.109,76.17 2 1
project/features/posting/services/service.go:79.2,79.74 1 1
project/features/posting/services/service.go:83.2,84.16 2 1
project/features/posting/services/service.go:95.2,95.17 1 1
project/features/posting/services/service.go:76.17,78.3 1 1
project/features/posting/services/service.go:79.74,81.3 1 0
project/features/posting/services/service.go:84.16,87.49 3 1
project/features/posting/services/service.go:92.3,92.41 1 1
project/features/posting/services/service.go:87.49,89.4 1 1
project/features/posting/services/service.go:89.9,91.4 1 1
project/features/posting/services/service.go:98.67,100.17 2 1
project/features/posting/services/service.go:104.2,105.16 2 1
project/features/posting/services/service.go:115.2,115.12 1 1
project/features/posting/services/service.go:100.17,102.3 1 0
project/features/posting/services/service.go:105.16,107.49 2 1
project/features/posting/services/service.go:113.3,113.25 1 1
project/features/posting/services/service.go:107.49,109.4 1 1
project/features/posting/services/service.go:109.9,112.4 1 1
project/features/posting/services/service.go:118.73,120.17 2 1
project/features/posting/services/service.go:124.2,126.17 2 1
project/features/posting/services/service.go:120.17,122.3 1 0
project/features/user/services/service.go:18.45,23.2 1 1
project/features/user/services/service.go:25.56,27.16 2 1
project/features/user/services/service.go:38.2,38.18 1 1
project/features/user/services/service.go:27.16,29.49 2 1
project/features/user/services/service.go:35.3,35.30 1 1
project/features/user/services/service.go:29.49,31.4 1 1
project/features/user/services/service.go:31.9,34.4 1 0
project/features/user/services/service.go:41.82,44.16 2 1
project/features/user/services/service.go:54.2,54.69 1 1
project/features/user/services/service.go:59.2,61.24 2 1
project/features/user/services/service.go:44.16,46.49 2 1
project/features/user/services/service.go:51.3,51.42 1 1
project/features/user/services/service.go:46.49,48.4 1 1
project/features/user/services/service.go:48.9,50.4 1 0
project/features/user/services/service.go:54.69,57.3 2 1
project/features/user/services/service.go:65.72,68.16 2 1
project/features/user/services/service.go:74.2,76.16 2 1
project/features/user/services/service.go:81.2,83.16 3 1
project/features/user/services/service.go:93.2,93.17 1 1
project/features/user/services/service.go:68.16,69.59 1 1
project/features/user/services/service.go:72.3,72.53 1 1
project/features/user/services/service.go:69.59,71.4 1 0
project/features/user/services/service.go:76.16,79.3 2 0
project/features/user/services/service.go:83.16,85.50 2 1
project/features/user/services/service.go:90.3,90.38 1 1
project/features/user/services/service.go:85.50,87.4 1 1
project/features/user/services/service.go:87.9,89.4 1 1
project/features/user/services/service.go:96.71,98.13 2 1
project/features/user/services/service.go:101.2,102.16 2 1
project/features/user/services/service.go:111.2,111.17 1 1
project/features/user/services/service.go:98.13,100.3 1 0
project/features/user/services/service.go:102.16,104.49 2 1
project/features/user/services/service.go:109.3,109.38 1 1
project/features/user/services/service.go:104.49,106.4 1 1
project/features/user/services/service.go:106.9,108.4 1 1
project/features/user/services/service.go:114.92,115.31 1 1
project/features/user/services/service.go:124.2,128.16 3 1
project/features/user/services/service.go:140.2,140.17 1 1
project/features/user/services/service.go:115.31,117.17 2 0
project/features/user/services/service.go:121.3,121.39 1 0
project/features/user/services/service.go:117.17,120.4 2 0
project/features/user/services/service.go:128.16,130.49 2 1
project/features/user/services/service.go:137.3,137.38 1 1
project/features/user/services/service.go:130.49,132.4 1 1
project/features/user/services/service.go:132.9,132.56 1 1
project/features/user/services/service.go:132.56,134.4 1 0
project/features/user/services/service.go:134.9,136.4 1 1
project/features/user/services/service.go:143.70,146.13 2 1
project/features/user/services/service.go:149.2,150.16 2 1
project/features/user/services/service.go:159.2,159.18 1 1
project/features/user/services/service.go:146.13,148.3 1 1
project/features/user/services/service.go:150.16,152.49 2 1
project/features/user/services/service.go:157.3,157.38 1 1
project/features/user/services/service.go:152.49,154.4 1 1
project/features/user/services/service.go:154.9,156.4 1 1
